<?xml version="1.0" encoding="UTF-8"?>
<!-- Generated by org.testng.reporters.JUnitReportReporter -->
<testsuite name="com.framework.tests.LoginTest" tests="1" time="5.492" ignored="0" failures="0" timestamp="25 Feb 2020 16:41:54 GMT" skipped="0" hostname="karthik-PC" errors="0">
  <testcase name="Loginpage" time="5.492" classname="com.framework.tests.LoginTest"/>
</testsuite> <!-- com.framework.tests.LoginTest -->
